C:\Users\8306-11\Downloads\2014111624 (3)\2014111624\2014111624\Debug\2014111624.exe.embed.manifest
C:\USERS\8306-11\DOWNLOADS\2014111624 (3)\2014111624\2014111624\DEBUG\2014111624.EXE.EMBED.MANIFEST.RES
C:\USERS\8306-11\DOWNLOADS\2014111624 (3)\2014111624\2014111624\DEBUG\2014111624.OBJ
C:\USERS\8306-11\DOWNLOADS\2014111624 (3)\2014111624\2014111624\DEBUG\2014111624.PCH
C:\USERS\8306-11\DOWNLOADS\2014111624 (3)\2014111624\2014111624\DEBUG\2014111624.RES
C:\Users\8306-11\Downloads\2014111624 (3)\2014111624\2014111624\Debug\2014111624.write.1.tlog
C:\Users\8306-11\Downloads\2014111624 (3)\2014111624\2014111624\Debug\2014111624_manifest.rc
C:\USERS\8306-11\DOWNLOADS\2014111624 (3)\2014111624\2014111624\DEBUG\2014111624DOC.OBJ
C:\USERS\8306-11\DOWNLOADS\2014111624 (3)\2014111624\2014111624\DEBUG\2014111624VIEW.OBJ
C:\USERS\8306-11\DOWNLOADS\2014111624 (3)\2014111624\2014111624\DEBUG\BINCTRLDLG.OBJ
C:\USERS\8306-11\DOWNLOADS\2014111624 (3)\2014111624\2014111624\DEBUG\CHILDFRM.OBJ
C:\Users\8306-11\Downloads\2014111624 (3)\2014111624\2014111624\Debug\cl.command.1.tlog
C:\Users\8306-11\Downloads\2014111624 (3)\2014111624\2014111624\Debug\CL.read.1.tlog
C:\Users\8306-11\Downloads\2014111624 (3)\2014111624\2014111624\Debug\CL.write.1.tlog
C:\Users\8306-11\Downloads\2014111624 (3)\2014111624\2014111624\Debug\link.command.1.tlog
C:\Users\8306-11\Downloads\2014111624 (3)\2014111624\2014111624\Debug\link.read.1.tlog
C:\Users\8306-11\Downloads\2014111624 (3)\2014111624\2014111624\Debug\link.write.1.tlog
C:\USERS\8306-11\DOWNLOADS\2014111624 (3)\2014111624\2014111624\DEBUG\MAINFRM.OBJ
C:\Users\8306-11\Downloads\2014111624 (3)\2014111624\2014111624\Debug\rc.command.1.tlog
C:\Users\8306-11\Downloads\2014111624 (3)\2014111624\2014111624\Debug\rc.read.1.tlog
C:\Users\8306-11\Downloads\2014111624 (3)\2014111624\2014111624\Debug\rc.write.1.tlog
C:\USERS\8306-11\DOWNLOADS\2014111624 (3)\2014111624\2014111624\DEBUG\STDAFX.OBJ
C:\Users\8306-11\Downloads\2014111624 (3)\2014111624\2014111624\Debug\vc100.idb
C:\USERS\8306-11\DOWNLOADS\2014111624 (3)\2014111624\2014111624\DEBUG\VC100.PDB
C:\Users\8306-11\Downloads\2014111624 (3)\2014111624\Debug\2014111624.exe
